[12:27:47.515] Global cache location '/Users/rajasegarchandran/Library/Caches/typescript/4.3', safe file path '/users/rajasegarchandran/.nvm/versions/node/v12.18.2/lib/node_modules/typescript/lib/typingsafelist.json', types map path /users/rajasegarchandran/.nvm/versions/node/v12.18.2/lib/node_modules/typescript/lib/typesmap.json
[12:27:47.517] Processing cache location '/Users/rajasegarchandran/Library/Caches/typescript/4.3'
[12:27:47.517] Trying to find '/Users/rajasegarchandran/Library/Caches/typescript/4.3/package.json'...
[12:27:47.521] Loaded content of '/Users/rajasegarchandran/Library/Caches/typescript/4.3/package.json': {"private":true,"dependencies":{"types-registry":"^0.1.546"},"devDependencies":{"@types/node":"^15.12.4","@types/object-assign":"^4.0.30","@types/prompts":"^2.0.13","@types/react":"^17.0.11","@types/uuid":"^8.3.0"}}
[12:27:47.521] Loaded content of '/Users/rajasegarchandran/Library/Caches/typescript/4.3/package-lock.json'
[12:27:47.535] Adding entry into typings cache: 'node' => '/Users/rajasegarchandran/Library/Caches/typescript/4.3/node_modules/@types/node/index.d.ts'
[12:27:47.538] Adding entry into typings cache: 'object-assign' => '/Users/rajasegarchandran/Library/Caches/typescript/4.3/node_modules/@types/object-assign/index.d.ts'
[12:27:47.541] Adding entry into typings cache: 'prompts' => '/Users/rajasegarchandran/Library/Caches/typescript/4.3/node_modules/@types/prompts/index.d.ts'
[12:27:47.547] Adding entry into typings cache: 'react' => '/Users/rajasegarchandran/Library/Caches/typescript/4.3/node_modules/@types/react/index.d.ts'
[12:27:47.549] Adding entry into typings cache: 'uuid' => '/Users/rajasegarchandran/Library/Caches/typescript/4.3/node_modules/@types/uuid/index.d.ts'
[12:27:47.549] Finished processing cache location '/Users/rajasegarchandran/Library/Caches/typescript/4.3'
[12:27:47.550] Process id: 5470
[12:27:47.550] NPM location: /Users/rajasegarchandran/.nvm/versions/node/v12.18.2/bin/npm (explicit '--npmLocation' not  provided)
[12:27:47.550] validateDefaultNpmLocation: false
[12:27:47.550] Npm config file: /Users/rajasegarchandran/Library/Caches/typescript/4.3/package.json
[12:27:47.550] Updating types-registry npm package...
[12:27:47.551] Exec: /Users/rajasegarchandran/.nvm/versions/node/v12.18.2/bin/npm install --ignore-scripts types-registry@latest
[12:27:48.811]     Succeeded. stdout:
    + types-registry@0.1.546
    updated 1 package and audited 9 packages in 0.728s
found 0 vulnerabilities


[12:27:48.811] Updated types-registry npm package
[12:27:48.832] Got install request {"projectName":"/dev/null/inferredProject1*","fileNames":["/Users/rajasegarchandran/.nvm/versions/node/v12.18.2/lib/node_modules/typescript/lib/lib.es5.d.ts","/Users/rajasegarchandran/.nvm/versions/node/v12.18.2/lib/node_modules/typescript/lib/lib.es2015.d.ts","/Users/rajasegarchandran/.nvm/versions/node/v12.18.2/lib/node_modules/typescript/lib/lib.es2016.d.ts","/Users/rajasegarchandran/.nvm/versions/node/v12.18.2/lib/node_modules/typescript/lib/lib.dom.d.ts","/Users/rajasegarchandran/.nvm/versions/node/v12.18.2/lib/node_modules/typescript/lib/lib.dom.iterable.d.ts","/Users/rajasegarchandran/.nvm/versions/node/v12.18.2/lib/node_modules/typescript/lib/lib.webworker.importscripts.d.ts","/Users/rajasegarchandran/.nvm/versions/node/v12.18.2/lib/node_modules/typescript/lib/lib.scripthost.d.ts","/Users/rajasegarchandran/.nvm/versions/node/v12.18.2/lib/node_modules/typescript/lib/lib.es2015.core.d.ts","/Users/rajasegarchandran/.nvm/versions/node/v12.18.2/lib/node_modules/typescript/lib/lib.es2015.collection.d.ts","/Users/rajasegarchandran/.nvm/versions/node/v12.18.2/lib/node_modules/typescript/lib/lib.es2015.generator.d.ts","/Users/rajasegarchandran/.nvm/versions/node/v12.18.2/lib/node_modules/typescript/lib/lib.es2015.iterable.d.ts","/Users/rajasegarchandran/.nvm/versions/node/v12.18.2/lib/node_modules/typescript/lib/lib.es2015.promise.d.ts","/Users/rajasegarchandran/.nvm/versions/node/v12.18.2/lib/node_modules/typescript/lib/lib.es2015.proxy.d.ts","/Users/rajasegarchandran/.nvm/versions/node/v12.18.2/lib/node_modules/typescript/lib/lib.es2015.reflect.d.ts","/Users/rajasegarchandran/.nvm/versions/node/v12.18.2/lib/node_modules/typescript/lib/lib.es2015.symbol.d.ts","/Users/rajasegarchandran/.nvm/versions/node/v12.18.2/lib/node_modules/typescript/lib/lib.es2015.symbol.wellknown.d.ts","/Users/rajasegarchandran/.nvm/versions/node/v12.18.2/lib/node_modules/typescript/lib/lib.es2016.array.include.d.ts","/Users/rajasegarchandran/.nvm/versions/node/v12.18.2/lib/node_modules/typescript/lib/lib.es2016.full.d.ts","/Users/rajasegarchandran/www/ember-app-explorer/server/index.js"],"compilerOptions":{"module":1,"target":3,"jsx":1,"allowJs":true,"allowSyntheticDefaultImports":true,"allowNonTsExtensions":true,"noEmitForJsFiles":true,"maxNodeModuleJsDepth":2},"typeAcquisition":{"enable":true,"include":[],"exclude":[]},"unresolvedImports":[],"projectRootPath":"/Users/rajasegarchandran/www/ember-app-explorer/server","kind":"discover"}
[12:27:48.848] Loaded safelist from types map file '/users/rajasegarchandran/.nvm/versions/node/v12.18.2/lib/node_modules/typescript/lib/typesmap.json'
[12:27:48.849] Explicitly included types: []
[12:27:48.850] Inferred typings from unresolved imports: []
[12:27:48.850] Result: {"cachedTypingPaths":[],"newTypingNames":[],"filesToWatch":["/Users/rajasegarchandran/www/ember-app-explorer/server/bower_components","/Users/rajasegarchandran/www/ember-app-explorer/server/node_modules"]}
[12:27:48.850] Finished typings discovery: {"cachedTypingPaths":[],"newTypingNames":[],"filesToWatch":["/Users/rajasegarchandran/www/ember-app-explorer/server/bower_components","/Users/rajasegarchandran/www/ember-app-explorer/server/node_modules"]}
[12:27:48.850] DirectoryWatcher:: Added:: WatchInfo: /Users/rajasegarchandran/www/ember-app-explorer/server/bower_components
[12:27:48.851] DirectoryWatcher:: Added:: WatchInfo: /Users/rajasegarchandran/www/ember-app-explorer/server/bower_components 1 undefined Project: /dev/null/inferredProject1* watcher already invoked: false
[12:27:48.852] Elapsed:: 1.002925000153482ms DirectoryWatcher:: Added:: WatchInfo: /Users/rajasegarchandran/www/ember-app-explorer/server/bower_components 1 undefined Project: /dev/null/inferredProject1* watcher already invoked: false
[12:27:48.852] DirectoryWatcher:: Added:: WatchInfo: /Users/rajasegarchandran/www/ember-app-explorer/server/node_modules
[12:27:48.852] DirectoryWatcher:: Added:: WatchInfo: /Users/rajasegarchandran/www/ember-app-explorer/server/node_modules 1 undefined Project: /dev/null/inferredProject1* watcher already invoked: false
[12:27:48.853] Elapsed:: 0.11235000006854534ms DirectoryWatcher:: Added:: WatchInfo: /Users/rajasegarchandran/www/ember-app-explorer/server/node_modules 1 undefined Project: /dev/null/inferredProject1* watcher already invoked: false
[12:27:48.853] Sending response:
    {"projectName":"/dev/null/inferredProject1*","typeAcquisition":{"enable":true,"include":[],"exclude":[]},"compilerOptions":{"module":1,"target":3,"jsx":1,"allowJs":true,"allowSyntheticDefaultImports":true,"allowNonTsExtensions":true,"noEmitForJsFiles":true,"maxNodeModuleJsDepth":2},"typings":[],"unresolvedImports":[],"kind":"action::set"}
[12:27:48.853] Response has been sent.
[12:27:48.853] No new typings were requested as a result of typings discovery
[12:29:49.371] Got install request {"projectName":"/dev/null/inferredProject1*","fileNames":["/Users/rajasegarchandran/.nvm/versions/node/v12.18.2/lib/node_modules/typescript/lib/lib.es5.d.ts","/Users/rajasegarchandran/.nvm/versions/node/v12.18.2/lib/node_modules/typescript/lib/lib.es2015.d.ts","/Users/rajasegarchandran/.nvm/versions/node/v12.18.2/lib/node_modules/typescript/lib/lib.es2016.d.ts","/Users/rajasegarchandran/.nvm/versions/node/v12.18.2/lib/node_modules/typescript/lib/lib.dom.d.ts","/Users/rajasegarchandran/.nvm/versions/node/v12.18.2/lib/node_modules/typescript/lib/lib.dom.iterable.d.ts","/Users/rajasegarchandran/.nvm/versions/node/v12.18.2/lib/node_modules/typescript/lib/lib.webworker.importscripts.d.ts","/Users/rajasegarchandran/.nvm/versions/node/v12.18.2/lib/node_modules/typescript/lib/lib.scripthost.d.ts","/Users/rajasegarchandran/.nvm/versions/node/v12.18.2/lib/node_modules/typescript/lib/lib.es2015.core.d.ts","/Users/rajasegarchandran/.nvm/versions/node/v12.18.2/lib/node_modules/typescript/lib/lib.es2015.collection.d.ts","/Users/rajasegarchandran/.nvm/versions/node/v12.18.2/lib/node_modules/typescript/lib/lib.es2015.generator.d.ts","/Users/rajasegarchandran/.nvm/versions/node/v12.18.2/lib/node_modules/typescript/lib/lib.es2015.iterable.d.ts","/Users/rajasegarchandran/.nvm/versions/node/v12.18.2/lib/node_modules/typescript/lib/lib.es2015.promise.d.ts","/Users/rajasegarchandran/.nvm/versions/node/v12.18.2/lib/node_modules/typescript/lib/lib.es2015.proxy.d.ts","/Users/rajasegarchandran/.nvm/versions/node/v12.18.2/lib/node_modules/typescript/lib/lib.es2015.reflect.d.ts","/Users/rajasegarchandran/.nvm/versions/node/v12.18.2/lib/node_modules/typescript/lib/lib.es2015.symbol.d.ts","/Users/rajasegarchandran/.nvm/versions/node/v12.18.2/lib/node_modules/typescript/lib/lib.es2015.symbol.wellknown.d.ts","/Users/rajasegarchandran/.nvm/versions/node/v12.18.2/lib/node_modules/typescript/lib/lib.es2016.array.include.d.ts","/Users/rajasegarchandran/.nvm/versions/node/v12.18.2/lib/node_modules/typescript/lib/lib.es2016.full.d.ts","/Users/rajasegarchandran/www/ember-app-explorer/server/index.js"],"compilerOptions":{"module":1,"target":3,"jsx":1,"allowJs":true,"allowSyntheticDefaultImports":true,"allowNonTsExtensions":true,"noEmitForJsFiles":true,"maxNodeModuleJsDepth":2},"typeAcquisition":{"enable":true,"include":[],"exclude":[]},"unresolvedImports":["debug","ember-gen-uml","get-port","plantuml","walk-sync"],"projectRootPath":"/Users/rajasegarchandran/www/ember-app-explorer/server","kind":"discover"}
[12:29:49.372] Explicitly included types: []
[12:29:49.373] Inferred typings from unresolved imports: ["debug","ember-gen-uml","get-port","plantuml","walk-sync"]
[12:29:49.373] Result: {"cachedTypingPaths":[],"newTypingNames":["debug","ember-gen-uml","get-port","plantuml","walk-sync"],"filesToWatch":["/Users/rajasegarchandran/www/ember-app-explorer/server/bower_components","/Users/rajasegarchandran/www/ember-app-explorer/server/node_modules"]}
[12:29:49.373] Finished typings discovery: {"cachedTypingPaths":[],"newTypingNames":["debug","ember-gen-uml","get-port","plantuml","walk-sync"],"filesToWatch":["/Users/rajasegarchandran/www/ember-app-explorer/server/bower_components","/Users/rajasegarchandran/www/ember-app-explorer/server/node_modules"]}
[12:29:49.373] Installing typings ["debug","ember-gen-uml","get-port","plantuml","walk-sync"]
[12:29:49.378] 'ember-gen-uml':: Entry for package 'ember-gen-uml' does not exist in local types registry - skipping...
[12:29:49.378] 'get-port':: Entry for package 'get-port' does not exist in local types registry - skipping...
[12:29:49.379] 'plantuml':: Entry for package 'plantuml' does not exist in local types registry - skipping...
[12:29:49.383] 'walk-sync':: Entry for package 'walk-sync' does not exist in local types registry - skipping...
[12:29:49.383] Npm config file: /Users/rajasegarchandran/Library/Caches/typescript/4.3/package.json
[12:29:49.383] Sending response:
    {"kind":"event::beginInstallTypes","eventId":1,"typingsInstallerVersion":"4.3.4","projectName":"/dev/null/inferredProject1*"}
[12:29:49.383] Response has been sent.
[12:29:49.384] #1 with arguments'["@types/debug@ts4.3"]'.
[12:29:49.384] Exec: /Users/rajasegarchandran/.nvm/versions/node/v12.18.2/bin/npm install --ignore-scripts @types/debug@ts4.3 --save-dev --user-agent="typesInstaller/4.3.4"
[12:29:50.458]     Succeeded. stdout:
    + @types/debug@4.1.5
    added 1 package from 6 contributors and audited 10 packages in 0.671s
found 0 vulnerabilities


[12:29:50.458] npm install #1 took: 1074 ms
[12:29:50.458] Installed typings ["@types/debug@ts4.3"]
[12:29:50.461] Installed typing files ["/Users/rajasegarchandran/Library/Caches/typescript/4.3/node_modules/@types/debug/index.d.ts"]
[12:29:50.461] Sending response:
    {"projectName":"/dev/null/inferredProject1*","typeAcquisition":{"enable":true,"include":[],"exclude":[]},"compilerOptions":{"module":1,"target":3,"jsx":1,"allowJs":true,"allowSyntheticDefaultImports":true,"allowNonTsExtensions":true,"noEmitForJsFiles":true,"maxNodeModuleJsDepth":2},"typings":["/Users/rajasegarchandran/Library/Caches/typescript/4.3/node_modules/@types/debug/index.d.ts"],"unresolvedImports":["debug","ember-gen-uml","get-port","plantuml","walk-sync"],"kind":"action::set"}
[12:29:50.466] Response has been sent.
[12:29:50.467] Sending response:
    {"kind":"event::endInstallTypes","eventId":1,"projectName":"/dev/null/inferredProject1*","packagesToInstall":["@types/debug@ts4.3"],"installSuccess":true,"typingsInstallerVersion":"4.3.4"}
[12:29:50.467] Response has been sent.
[12:29:50.889] Got install request {"projectName":"/dev/null/inferredProject1*","fileNames":["/Users/rajasegarchandran/.nvm/versions/node/v12.18.2/lib/node_modules/typescript/lib/lib.es5.d.ts","/Users/rajasegarchandran/.nvm/versions/node/v12.18.2/lib/node_modules/typescript/lib/lib.es2015.d.ts","/Users/rajasegarchandran/.nvm/versions/node/v12.18.2/lib/node_modules/typescript/lib/lib.es2016.d.ts","/Users/rajasegarchandran/.nvm/versions/node/v12.18.2/lib/node_modules/typescript/lib/lib.dom.d.ts","/Users/rajasegarchandran/.nvm/versions/node/v12.18.2/lib/node_modules/typescript/lib/lib.dom.iterable.d.ts","/Users/rajasegarchandran/.nvm/versions/node/v12.18.2/lib/node_modules/typescript/lib/lib.webworker.importscripts.d.ts","/Users/rajasegarchandran/.nvm/versions/node/v12.18.2/lib/node_modules/typescript/lib/lib.scripthost.d.ts","/Users/rajasegarchandran/.nvm/versions/node/v12.18.2/lib/node_modules/typescript/lib/lib.es2015.core.d.ts","/Users/rajasegarchandran/.nvm/versions/node/v12.18.2/lib/node_modules/typescript/lib/lib.es2015.collection.d.ts","/Users/rajasegarchandran/.nvm/versions/node/v12.18.2/lib/node_modules/typescript/lib/lib.es2015.generator.d.ts","/Users/rajasegarchandran/.nvm/versions/node/v12.18.2/lib/node_modules/typescript/lib/lib.es2015.iterable.d.ts","/Users/rajasegarchandran/.nvm/versions/node/v12.18.2/lib/node_modules/typescript/lib/lib.es2015.promise.d.ts","/Users/rajasegarchandran/.nvm/versions/node/v12.18.2/lib/node_modules/typescript/lib/lib.es2015.proxy.d.ts","/Users/rajasegarchandran/.nvm/versions/node/v12.18.2/lib/node_modules/typescript/lib/lib.es2015.reflect.d.ts","/Users/rajasegarchandran/.nvm/versions/node/v12.18.2/lib/node_modules/typescript/lib/lib.es2015.symbol.d.ts","/Users/rajasegarchandran/.nvm/versions/node/v12.18.2/lib/node_modules/typescript/lib/lib.es2015.symbol.wellknown.d.ts","/Users/rajasegarchandran/.nvm/versions/node/v12.18.2/lib/node_modules/typescript/lib/lib.es2016.array.include.d.ts","/Users/rajasegarchandran/.nvm/versions/node/v12.18.2/lib/node_modules/typescript/lib/lib.es2016.full.d.ts","/Users/rajasegarchandran/Library/Caches/typescript/4.3/node_modules/@types/debug/index.d.ts","/Users/rajasegarchandran/www/ember-app-explorer/server/index.js"],"compilerOptions":{"module":1,"target":3,"jsx":1,"allowJs":true,"allowSyntheticDefaultImports":true,"allowNonTsExtensions":true,"noEmitForJsFiles":true,"maxNodeModuleJsDepth":2},"typeAcquisition":{"enable":true,"include":[],"exclude":[]},"unresolvedImports":["ember-gen-uml","get-port","plantuml","walk-sync"],"projectRootPath":"/Users/rajasegarchandran/www/ember-app-explorer/server","kind":"discover"}
[12:29:50.889] Explicitly included types: []
[12:29:50.889] Inferred typings from unresolved imports: ["ember-gen-uml","get-port","plantuml","walk-sync"]
[12:29:50.889] Result: {"cachedTypingPaths":[],"newTypingNames":["ember-gen-uml","get-port","plantuml","walk-sync"],"filesToWatch":["/Users/rajasegarchandran/www/ember-app-explorer/server/bower_components","/Users/rajasegarchandran/www/ember-app-explorer/server/node_modules"]}
[12:29:50.890] Finished typings discovery: {"cachedTypingPaths":[],"newTypingNames":["ember-gen-uml","get-port","plantuml","walk-sync"],"filesToWatch":["/Users/rajasegarchandran/www/ember-app-explorer/server/bower_components","/Users/rajasegarchandran/www/ember-app-explorer/server/node_modules"]}
[12:29:50.890] Installing typings ["ember-gen-uml","get-port","plantuml","walk-sync"]
[12:29:50.891] 'ember-gen-uml':: Entry for package 'ember-gen-uml' does not exist in local types registry - skipping...
[12:29:50.891] 'get-port':: Entry for package 'get-port' does not exist in local types registry - skipping...
[12:29:50.891] 'plantuml':: Entry for package 'plantuml' does not exist in local types registry - skipping...
[12:29:50.891] 'walk-sync':: Entry for package 'walk-sync' does not exist in local types registry - skipping...
[12:29:50.896] All typings are known to be missing or invalid - no need to install more typings
[12:29:50.896] Sending response:
    {"projectName":"/dev/null/inferredProject1*","typeAcquisition":{"enable":true,"include":[],"exclude":[]},"compilerOptions":{"module":1,"target":3,"jsx":1,"allowJs":true,"allowSyntheticDefaultImports":true,"allowNonTsExtensions":true,"noEmitForJsFiles":true,"maxNodeModuleJsDepth":2},"typings":[],"unresolvedImports":["ember-gen-uml","get-port","plantuml","walk-sync"],"kind":"action::set"}
[12:29:50.897] Response has been sent.
[12:29:51.297] Got install request {"projectName":"/dev/null/inferredProject1*","fileNames":["/Users/rajasegarchandran/.nvm/versions/node/v12.18.2/lib/node_modules/typescript/lib/lib.es5.d.ts","/Users/rajasegarchandran/.nvm/versions/node/v12.18.2/lib/node_modules/typescript/lib/lib.es2015.d.ts","/Users/rajasegarchandran/.nvm/versions/node/v12.18.2/lib/node_modules/typescript/lib/lib.es2016.d.ts","/Users/rajasegarchandran/.nvm/versions/node/v12.18.2/lib/node_modules/typescript/lib/lib.dom.d.ts","/Users/rajasegarchandran/.nvm/versions/node/v12.18.2/lib/node_modules/typescript/lib/lib.dom.iterable.d.ts","/Users/rajasegarchandran/.nvm/versions/node/v12.18.2/lib/node_modules/typescript/lib/lib.webworker.importscripts.d.ts","/Users/rajasegarchandran/.nvm/versions/node/v12.18.2/lib/node_modules/typescript/lib/lib.scripthost.d.ts","/Users/rajasegarchandran/.nvm/versions/node/v12.18.2/lib/node_modules/typescript/lib/lib.es2015.core.d.ts","/Users/rajasegarchandran/.nvm/versions/node/v12.18.2/lib/node_modules/typescript/lib/lib.es2015.collection.d.ts","/Users/rajasegarchandran/.nvm/versions/node/v12.18.2/lib/node_modules/typescript/lib/lib.es2015.generator.d.ts","/Users/rajasegarchandran/.nvm/versions/node/v12.18.2/lib/node_modules/typescript/lib/lib.es2015.iterable.d.ts","/Users/rajasegarchandran/.nvm/versions/node/v12.18.2/lib/node_modules/typescript/lib/lib.es2015.promise.d.ts","/Users/rajasegarchandran/.nvm/versions/node/v12.18.2/lib/node_modules/typescript/lib/lib.es2015.proxy.d.ts","/Users/rajasegarchandran/.nvm/versions/node/v12.18.2/lib/node_modules/typescript/lib/lib.es2015.reflect.d.ts","/Users/rajasegarchandran/.nvm/versions/node/v12.18.2/lib/node_modules/typescript/lib/lib.es2015.symbol.d.ts","/Users/rajasegarchandran/.nvm/versions/node/v12.18.2/lib/node_modules/typescript/lib/lib.es2015.symbol.wellknown.d.ts","/Users/rajasegarchandran/.nvm/versions/node/v12.18.2/lib/node_modules/typescript/lib/lib.es2016.array.include.d.ts","/Users/rajasegarchandran/.nvm/versions/node/v12.18.2/lib/node_modules/typescript/lib/lib.es2016.full.d.ts","/Users/rajasegarchandran/www/ember-app-explorer/server/index.js"],"compilerOptions":{"module":1,"target":3,"jsx":1,"allowJs":true,"allowSyntheticDefaultImports":true,"allowNonTsExtensions":true,"noEmitForJsFiles":true,"maxNodeModuleJsDepth":2},"typeAcquisition":{"enable":true,"include":[],"exclude":[]},"unresolvedImports":["ember-gen-uml","get-port","plantuml","walk-sync"],"projectRootPath":"/Users/rajasegarchandran/www/ember-app-explorer/server","kind":"discover"}
[12:29:51.298] Explicitly included types: []
[12:29:51.298] Inferred typings from unresolved imports: ["ember-gen-uml","get-port","plantuml","walk-sync"]
[12:29:51.298] Result: {"cachedTypingPaths":[],"newTypingNames":["ember-gen-uml","get-port","plantuml","walk-sync"],"filesToWatch":["/Users/rajasegarchandran/www/ember-app-explorer/server/bower_components","/Users/rajasegarchandran/www/ember-app-explorer/server/node_modules"]}
[12:29:51.299] Finished typings discovery: {"cachedTypingPaths":[],"newTypingNames":["ember-gen-uml","get-port","plantuml","walk-sync"],"filesToWatch":["/Users/rajasegarchandran/www/ember-app-explorer/server/bower_components","/Users/rajasegarchandran/www/ember-app-explorer/server/node_modules"]}
[12:29:51.304] Installing typings ["ember-gen-uml","get-port","plantuml","walk-sync"]
[12:29:51.304] 'ember-gen-uml':: Entry for package 'ember-gen-uml' does not exist in local types registry - skipping...
[12:29:51.304] 'get-port':: Entry for package 'get-port' does not exist in local types registry - skipping...
[12:29:51.304] 'plantuml':: Entry for package 'plantuml' does not exist in local types registry - skipping...
[12:29:51.304] 'walk-sync':: Entry for package 'walk-sync' does not exist in local types registry - skipping...
[12:29:51.304] All typings are known to be missing or invalid - no need to install more typings
[12:29:51.309] Sending response:
    {"projectName":"/dev/null/inferredProject1*","typeAcquisition":{"enable":true,"include":[],"exclude":[]},"compilerOptions":{"module":1,"target":3,"jsx":1,"allowJs":true,"allowSyntheticDefaultImports":true,"allowNonTsExtensions":true,"noEmitForJsFiles":true,"maxNodeModuleJsDepth":2},"typings":[],"unresolvedImports":["ember-gen-uml","get-port","plantuml","walk-sync"],"kind":"action::set"}
[12:29:51.309] Response has been sent.
[12:30:51.654] Got install request {"projectName":"/dev/null/inferredProject2*","fileNames":["/Users/rajasegarchandran/.nvm/versions/node/v12.18.2/lib/node_modules/typescript/lib/lib.es5.d.ts","/Users/rajasegarchandran/.nvm/versions/node/v12.18.2/lib/node_modules/typescript/lib/lib.es2015.d.ts","/Users/rajasegarchandran/.nvm/versions/node/v12.18.2/lib/node_modules/typescript/lib/lib.es2016.d.ts","/Users/rajasegarchandran/.nvm/versions/node/v12.18.2/lib/node_modules/typescript/lib/lib.dom.d.ts","/Users/rajasegarchandran/.nvm/versions/node/v12.18.2/lib/node_modules/typescript/lib/lib.dom.iterable.d.ts","/Users/rajasegarchandran/.nvm/versions/node/v12.18.2/lib/node_modules/typescript/lib/lib.webworker.importscripts.d.ts","/Users/rajasegarchandran/.nvm/versions/node/v12.18.2/lib/node_modules/typescript/lib/lib.scripthost.d.ts","/Users/rajasegarchandran/.nvm/versions/node/v12.18.2/lib/node_modules/typescript/lib/lib.es2015.core.d.ts","/Users/rajasegarchandran/.nvm/versions/node/v12.18.2/lib/node_modules/typescript/lib/lib.es2015.collection.d.ts","/Users/rajasegarchandran/.nvm/versions/node/v12.18.2/lib/node_modules/typescript/lib/lib.es2015.generator.d.ts","/Users/rajasegarchandran/.nvm/versions/node/v12.18.2/lib/node_modules/typescript/lib/lib.es2015.iterable.d.ts","/Users/rajasegarchandran/.nvm/versions/node/v12.18.2/lib/node_modules/typescript/lib/lib.es2015.promise.d.ts","/Users/rajasegarchandran/.nvm/versions/node/v12.18.2/lib/node_modules/typescript/lib/lib.es2015.proxy.d.ts","/Users/rajasegarchandran/.nvm/versions/node/v12.18.2/lib/node_modules/typescript/lib/lib.es2015.reflect.d.ts","/Users/rajasegarchandran/.nvm/versions/node/v12.18.2/lib/node_modules/typescript/lib/lib.es2015.symbol.d.ts","/Users/rajasegarchandran/.nvm/versions/node/v12.18.2/lib/node_modules/typescript/lib/lib.es2015.symbol.wellknown.d.ts","/Users/rajasegarchandran/.nvm/versions/node/v12.18.2/lib/node_modules/typescript/lib/lib.es2016.array.include.d.ts","/Users/rajasegarchandran/.nvm/versions/node/v12.18.2/lib/node_modules/typescript/lib/lib.es2016.full.d.ts","/Users/rajasegarchandran/www/ember-app-explorer/bin/cli.js"],"compilerOptions":{"module":1,"target":3,"jsx":1,"allowJs":true,"allowSyntheticDefaultImports":true,"allowNonTsExtensions":true,"noEmitForJsFiles":true,"maxNodeModuleJsDepth":2},"typeAcquisition":{"enable":true,"include":[],"exclude":[]},"unresolvedImports":[],"projectRootPath":"/Users/rajasegarchandran/www/ember-app-explorer/bin","kind":"discover"}
[12:30:51.655] Explicitly included types: []
[12:30:51.655] Inferred typings from unresolved imports: []
[12:30:51.655] Result: {"cachedTypingPaths":[],"newTypingNames":[],"filesToWatch":["/Users/rajasegarchandran/www/ember-app-explorer/bin/bower_components","/Users/rajasegarchandran/www/ember-app-explorer/bin/node_modules"]}
[12:30:51.655] Finished typings discovery: {"cachedTypingPaths":[],"newTypingNames":[],"filesToWatch":["/Users/rajasegarchandran/www/ember-app-explorer/bin/bower_components","/Users/rajasegarchandran/www/ember-app-explorer/bin/node_modules"]}
[12:30:51.655] DirectoryWatcher:: Added:: WatchInfo: /Users/rajasegarchandran/www/ember-app-explorer/bin/bower_components
[12:30:51.656] DirectoryWatcher:: Added:: WatchInfo: /Users/rajasegarchandran/www/ember-app-explorer/bin/bower_components 1 undefined Project: /dev/null/inferredProject2* watcher already invoked: false
[12:30:51.656] Elapsed:: 0.25907899998128414ms DirectoryWatcher:: Added:: WatchInfo: /Users/rajasegarchandran/www/ember-app-explorer/bin/bower_components 1 undefined Project: /dev/null/inferredProject2* watcher already invoked: false
[12:30:51.656] DirectoryWatcher:: Added:: WatchInfo: /Users/rajasegarchandran/www/ember-app-explorer/bin/node_modules
[12:30:51.656] DirectoryWatcher:: Added:: WatchInfo: /Users/rajasegarchandran/www/ember-app-explorer/bin/node_modules 1 undefined Project: /dev/null/inferredProject2* watcher already invoked: false
[12:30:51.657] Elapsed:: 0.1591729996725917ms DirectoryWatcher:: Added:: WatchInfo: /Users/rajasegarchandran/www/ember-app-explorer/bin/node_modules 1 undefined Project: /dev/null/inferredProject2* watcher already invoked: false
[12:30:51.657] Sending response:
    {"projectName":"/dev/null/inferredProject2*","typeAcquisition":{"enable":true,"include":[],"exclude":[]},"compilerOptions":{"module":1,"target":3,"jsx":1,"allowJs":true,"allowSyntheticDefaultImports":true,"allowNonTsExtensions":true,"noEmitForJsFiles":true,"maxNodeModuleJsDepth":2},"typings":[],"unresolvedImports":[],"kind":"action::set"}
[12:30:51.657] Response has been sent.
[12:30:51.657] No new typings were requested as a result of typings discovery
[12:31:24.259] Got install request {"projectName":"/dev/null/inferredProject2*","fileNames":["/Users/rajasegarchandran/.nvm/versions/node/v12.18.2/lib/node_modules/typescript/lib/lib.es5.d.ts","/Users/rajasegarchandran/.nvm/versions/node/v12.18.2/lib/node_modules/typescript/lib/lib.es2015.d.ts","/Users/rajasegarchandran/.nvm/versions/node/v12.18.2/lib/node_modules/typescript/lib/lib.es2016.d.ts","/Users/rajasegarchandran/.nvm/versions/node/v12.18.2/lib/node_modules/typescript/lib/lib.dom.d.ts","/Users/rajasegarchandran/.nvm/versions/node/v12.18.2/lib/node_modules/typescript/lib/lib.dom.iterable.d.ts","/Users/rajasegarchandran/.nvm/versions/node/v12.18.2/lib/node_modules/typescript/lib/lib.webworker.importscripts.d.ts","/Users/rajasegarchandran/.nvm/versions/node/v12.18.2/lib/node_modules/typescript/lib/lib.scripthost.d.ts","/Users/rajasegarchandran/.nvm/versions/node/v12.18.2/lib/node_modules/typescript/lib/lib.es2015.core.d.ts","/Users/rajasegarchandran/.nvm/versions/node/v12.18.2/lib/node_modules/typescript/lib/lib.es2015.collection.d.ts","/Users/rajasegarchandran/.nvm/versions/node/v12.18.2/lib/node_modules/typescript/lib/lib.es2015.generator.d.ts","/Users/rajasegarchandran/.nvm/versions/node/v12.18.2/lib/node_modules/typescript/lib/lib.es2015.iterable.d.ts","/Users/rajasegarchandran/.nvm/versions/node/v12.18.2/lib/node_modules/typescript/lib/lib.es2015.promise.d.ts","/Users/rajasegarchandran/.nvm/versions/node/v12.18.2/lib/node_modules/typescript/lib/lib.es2015.proxy.d.ts","/Users/rajasegarchandran/.nvm/versions/node/v12.18.2/lib/node_modules/typescript/lib/lib.es2015.reflect.d.ts","/Users/rajasegarchandran/.nvm/versions/node/v12.18.2/lib/node_modules/typescript/lib/lib.es2015.symbol.d.ts","/Users/rajasegarchandran/.nvm/versions/node/v12.18.2/lib/node_modules/typescript/lib/lib.es2015.symbol.wellknown.d.ts","/Users/rajasegarchandran/.nvm/versions/node/v12.18.2/lib/node_modules/typescript/lib/lib.es2016.array.include.d.ts","/Users/rajasegarchandran/.nvm/versions/node/v12.18.2/lib/node_modules/typescript/lib/lib.es2016.full.d.ts","/Users/rajasegarchandran/www/ember-app-explorer/server/index.js","/Users/rajasegarchandran/www/ember-app-explorer/bin/cli.js"],"compilerOptions":{"module":1,"target":3,"jsx":1,"allowJs":true,"allowSyntheticDefaultImports":true,"allowNonTsExtensions":true,"noEmitForJsFiles":true,"maxNodeModuleJsDepth":2},"typeAcquisition":{"enable":true,"include":[],"exclude":[]},"unresolvedImports":["ember-gen-uml","get-port","plantuml","walk-sync"],"projectRootPath":"/Users/rajasegarchandran/www/ember-app-explorer/bin","kind":"discover"}
[12:31:24.259] Explicitly included types: []
[12:31:24.260] Inferred typings from unresolved imports: ["ember-gen-uml","get-port","plantuml","walk-sync"]
[12:31:24.260] Result: {"cachedTypingPaths":[],"newTypingNames":["ember-gen-uml","get-port","plantuml","walk-sync"],"filesToWatch":["/Users/rajasegarchandran/www/ember-app-explorer/server/bower_components","/Users/rajasegarchandran/www/ember-app-explorer/server/node_modules","/Users/rajasegarchandran/www/ember-app-explorer/bin/bower_components","/Users/rajasegarchandran/www/ember-app-explorer/bin/node_modules"]}
[12:31:24.260] Finished typings discovery: {"cachedTypingPaths":[],"newTypingNames":["ember-gen-uml","get-port","plantuml","walk-sync"],"filesToWatch":["/Users/rajasegarchandran/www/ember-app-explorer/server/bower_components","/Users/rajasegarchandran/www/ember-app-explorer/server/node_modules","/Users/rajasegarchandran/www/ember-app-explorer/bin/bower_components","/Users/rajasegarchandran/www/ember-app-explorer/bin/node_modules"]}
[12:31:24.260] DirectoryWatcher:: Added:: WatchInfo: /Users/rajasegarchandran/www/ember-app-explorer/server/bower_components
[12:31:24.260] DirectoryWatcher:: Added:: WatchInfo: /Users/rajasegarchandran/www/ember-app-explorer/server/bower_components 1 undefined Project: /dev/null/inferredProject2* watcher already invoked: false
[12:31:24.261] Elapsed:: 0.1452369997277856ms DirectoryWatcher:: Added:: WatchInfo: /Users/rajasegarchandran/www/ember-app-explorer/server/bower_components 1 undefined Project: /dev/null/inferredProject2* watcher already invoked: false
[12:31:24.261] DirectoryWatcher:: Added:: WatchInfo: /Users/rajasegarchandran/www/ember-app-explorer/server/node_modules
[12:31:24.261] DirectoryWatcher:: Added:: WatchInfo: /Users/rajasegarchandran/www/ember-app-explorer/server/node_modules 1 undefined Project: /dev/null/inferredProject2* watcher already invoked: false
[12:31:24.261] Elapsed:: 0.052660999819636345ms DirectoryWatcher:: Added:: WatchInfo: /Users/rajasegarchandran/www/ember-app-explorer/server/node_modules 1 undefined Project: /dev/null/inferredProject2* watcher already invoked: false
[12:31:24.261] Installing typings ["ember-gen-uml","get-port","plantuml","walk-sync"]
[12:31:24.261] 'ember-gen-uml':: Entry for package 'ember-gen-uml' does not exist in local types registry - skipping...
[12:31:24.261] 'get-port':: Entry for package 'get-port' does not exist in local types registry - skipping...
[12:31:24.267] 'plantuml':: Entry for package 'plantuml' does not exist in local types registry - skipping...
[12:31:24.267] 'walk-sync':: Entry for package 'walk-sync' does not exist in local types registry - skipping...
[12:31:24.267] All typings are known to be missing or invalid - no need to install more typings
[12:31:24.267] Sending response:
    {"projectName":"/dev/null/inferredProject2*","typeAcquisition":{"enable":true,"include":[],"exclude":[]},"compilerOptions":{"module":1,"target":3,"jsx":1,"allowJs":true,"allowSyntheticDefaultImports":true,"allowNonTsExtensions":true,"noEmitForJsFiles":true,"maxNodeModuleJsDepth":2},"typings":[],"unresolvedImports":["ember-gen-uml","get-port","plantuml","walk-sync"],"kind":"action::set"}
[12:31:24.267] Response has been sent.
[12:38:52.553] Got install request {"projectName":"/dev/null/inferredProject1*","fileNames":["/Users/rajasegarchandran/.nvm/versions/node/v12.18.2/lib/node_modules/typescript/lib/lib.es5.d.ts","/Users/rajasegarchandran/.nvm/versions/node/v12.18.2/lib/node_modules/typescript/lib/lib.es2015.d.ts","/Users/rajasegarchandran/.nvm/versions/node/v12.18.2/lib/node_modules/typescript/lib/lib.es2016.d.ts","/Users/rajasegarchandran/.nvm/versions/node/v12.18.2/lib/node_modules/typescript/lib/lib.dom.d.ts","/Users/rajasegarchandran/.nvm/versions/node/v12.18.2/lib/node_modules/typescript/lib/lib.dom.iterable.d.ts","/Users/rajasegarchandran/.nvm/versions/node/v12.18.2/lib/node_modules/typescript/lib/lib.webworker.importscripts.d.ts","/Users/rajasegarchandran/.nvm/versions/node/v12.18.2/lib/node_modules/typescript/lib/lib.scripthost.d.ts","/Users/rajasegarchandran/.nvm/versions/node/v12.18.2/lib/node_modules/typescript/lib/lib.es2015.core.d.ts","/Users/rajasegarchandran/.nvm/versions/node/v12.18.2/lib/node_modules/typescript/lib/lib.es2015.collection.d.ts","/Users/rajasegarchandran/.nvm/versions/node/v12.18.2/lib/node_modules/typescript/lib/lib.es2015.generator.d.ts","/Users/rajasegarchandran/.nvm/versions/node/v12.18.2/lib/node_modules/typescript/lib/lib.es2015.iterable.d.ts","/Users/rajasegarchandran/.nvm/versions/node/v12.18.2/lib/node_modules/typescript/lib/lib.es2015.promise.d.ts","/Users/rajasegarchandran/.nvm/versions/node/v12.18.2/lib/node_modules/typescript/lib/lib.es2015.proxy.d.ts","/Users/rajasegarchandran/.nvm/versions/node/v12.18.2/lib/node_modules/typescript/lib/lib.es2015.reflect.d.ts","/Users/rajasegarchandran/.nvm/versions/node/v12.18.2/lib/node_modules/typescript/lib/lib.es2015.symbol.d.ts","/Users/rajasegarchandran/.nvm/versions/node/v12.18.2/lib/node_modules/typescript/lib/lib.es2015.symbol.wellknown.d.ts","/Users/rajasegarchandran/.nvm/versions/node/v12.18.2/lib/node_modules/typescript/lib/lib.es2016.array.include.d.ts","/Users/rajasegarchandran/.nvm/versions/node/v12.18.2/lib/node_modules/typescript/lib/lib.es2016.full.d.ts","/Users/rajasegarchandran/www/ember-app-explorer/server/index.js"],"compilerOptions":{"module":1,"target":3,"jsx":1,"allowJs":true,"allowSyntheticDefaultImports":true,"allowNonTsExtensions":true,"noEmitForJsFiles":true,"maxNodeModuleJsDepth":2},"typeAcquisition":{"enable":true,"include":[],"exclude":[]},"unresolvedImports":["ember-gen-uml","plantuml"],"projectRootPath":"/Users/rajasegarchandran/www/ember-app-explorer/server","kind":"discover"}
[12:38:52.554] Explicitly included types: []
[12:38:52.554] Inferred typings from unresolved imports: ["ember-gen-uml","plantuml"]
[12:38:52.554] Result: {"cachedTypingPaths":[],"newTypingNames":["ember-gen-uml","plantuml"],"filesToWatch":["/Users/rajasegarchandran/www/ember-app-explorer/server/bower_components","/Users/rajasegarchandran/www/ember-app-explorer/server/node_modules"]}
[12:38:52.555] Finished typings discovery: {"cachedTypingPaths":[],"newTypingNames":["ember-gen-uml","plantuml"],"filesToWatch":["/Users/rajasegarchandran/www/ember-app-explorer/server/bower_components","/Users/rajasegarchandran/www/ember-app-explorer/server/node_modules"]}
[12:38:52.555] Installing typings ["ember-gen-uml","plantuml"]
[12:38:52.559] 'ember-gen-uml':: Entry for package 'ember-gen-uml' does not exist in local types registry - skipping...
[12:38:52.559] 'plantuml':: Entry for package 'plantuml' does not exist in local types registry - skipping...
[12:38:52.563] All typings are known to be missing or invalid - no need to install more typings
[12:38:52.563] Sending response:
    {"projectName":"/dev/null/inferredProject1*","typeAcquisition":{"enable":true,"include":[],"exclude":[]},"compilerOptions":{"module":1,"target":3,"jsx":1,"allowJs":true,"allowSyntheticDefaultImports":true,"allowNonTsExtensions":true,"noEmitForJsFiles":true,"maxNodeModuleJsDepth":2},"typings":[],"unresolvedImports":["ember-gen-uml","plantuml"],"kind":"action::set"}
[12:38:52.563] Response has been sent.
[12:38:52.937] Got install request {"projectName":"/dev/null/inferredProject2*","fileNames":["/Users/rajasegarchandran/.nvm/versions/node/v12.18.2/lib/node_modules/typescript/lib/lib.es5.d.ts","/Users/rajasegarchandran/.nvm/versions/node/v12.18.2/lib/node_modules/typescript/lib/lib.es2015.d.ts","/Users/rajasegarchandran/.nvm/versions/node/v12.18.2/lib/node_modules/typescript/lib/lib.es2016.d.ts","/Users/rajasegarchandran/.nvm/versions/node/v12.18.2/lib/node_modules/typescript/lib/lib.dom.d.ts","/Users/rajasegarchandran/.nvm/versions/node/v12.18.2/lib/node_modules/typescript/lib/lib.dom.iterable.d.ts","/Users/rajasegarchandran/.nvm/versions/node/v12.18.2/lib/node_modules/typescript/lib/lib.webworker.importscripts.d.ts","/Users/rajasegarchandran/.nvm/versions/node/v12.18.2/lib/node_modules/typescript/lib/lib.scripthost.d.ts","/Users/rajasegarchandran/.nvm/versions/node/v12.18.2/lib/node_modules/typescript/lib/lib.es2015.core.d.ts","/Users/rajasegarchandran/.nvm/versions/node/v12.18.2/lib/node_modules/typescript/lib/lib.es2015.collection.d.ts","/Users/rajasegarchandran/.nvm/versions/node/v12.18.2/lib/node_modules/typescript/lib/lib.es2015.generator.d.ts","/Users/rajasegarchandran/.nvm/versions/node/v12.18.2/lib/node_modules/typescript/lib/lib.es2015.iterable.d.ts","/Users/rajasegarchandran/.nvm/versions/node/v12.18.2/lib/node_modules/typescript/lib/lib.es2015.promise.d.ts","/Users/rajasegarchandran/.nvm/versions/node/v12.18.2/lib/node_modules/typescript/lib/lib.es2015.proxy.d.ts","/Users/rajasegarchandran/.nvm/versions/node/v12.18.2/lib/node_modules/typescript/lib/lib.es2015.reflect.d.ts","/Users/rajasegarchandran/.nvm/versions/node/v12.18.2/lib/node_modules/typescript/lib/lib.es2015.symbol.d.ts","/Users/rajasegarchandran/.nvm/versions/node/v12.18.2/lib/node_modules/typescript/lib/lib.es2015.symbol.wellknown.d.ts","/Users/rajasegarchandran/.nvm/versions/node/v12.18.2/lib/node_modules/typescript/lib/lib.es2016.array.include.d.ts","/Users/rajasegarchandran/.nvm/versions/node/v12.18.2/lib/node_modules/typescript/lib/lib.es2016.full.d.ts","/Users/rajasegarchandran/www/ember-app-explorer/server/index.js","/Users/rajasegarchandran/www/ember-app-explorer/bin/cli.js"],"compilerOptions":{"module":1,"target":3,"jsx":1,"allowJs":true,"allowSyntheticDefaultImports":true,"allowNonTsExtensions":true,"noEmitForJsFiles":true,"maxNodeModuleJsDepth":2},"typeAcquisition":{"enable":true,"include":[],"exclude":[]},"unresolvedImports":["ember-gen-uml","plantuml"],"projectRootPath":"/Users/rajasegarchandran/www/ember-app-explorer/bin","kind":"discover"}
[12:38:52.938] Explicitly included types: []
[12:38:52.938] Inferred typings from unresolved imports: ["ember-gen-uml","plantuml"]
[12:38:52.938] Result: {"cachedTypingPaths":[],"newTypingNames":["ember-gen-uml","plantuml"],"filesToWatch":["/Users/rajasegarchandran/www/ember-app-explorer/server/bower_components","/Users/rajasegarchandran/www/ember-app-explorer/server/node_modules","/Users/rajasegarchandran/www/ember-app-explorer/bin/bower_components","/Users/rajasegarchandran/www/ember-app-explorer/bin/node_modules"]}
[12:38:52.938] Finished typings discovery: {"cachedTypingPaths":[],"newTypingNames":["ember-gen-uml","plantuml"],"filesToWatch":["/Users/rajasegarchandran/www/ember-app-explorer/server/bower_components","/Users/rajasegarchandran/www/ember-app-explorer/server/node_modules","/Users/rajasegarchandran/www/ember-app-explorer/bin/bower_components","/Users/rajasegarchandran/www/ember-app-explorer/bin/node_modules"]}
[12:38:52.939] Installing typings ["ember-gen-uml","plantuml"]
[12:38:52.939] 'ember-gen-uml':: Entry for package 'ember-gen-uml' does not exist in local types registry - skipping...
[12:38:52.939] 'plantuml':: Entry for package 'plantuml' does not exist in local types registry - skipping...
[12:38:52.943] All typings are known to be missing or invalid - no need to install more typings
[12:38:52.943] Sending response:
    {"projectName":"/dev/null/inferredProject2*","typeAcquisition":{"enable":true,"include":[],"exclude":[]},"compilerOptions":{"module":1,"target":3,"jsx":1,"allowJs":true,"allowSyntheticDefaultImports":true,"allowNonTsExtensions":true,"noEmitForJsFiles":true,"maxNodeModuleJsDepth":2},"typings":[],"unresolvedImports":["ember-gen-uml","plantuml"],"kind":"action::set"}
[12:38:52.944] Response has been sent.
[12:38:55.161] Got install request {"projectName":"/dev/null/inferredProject1*","fileNames":[],"compilerOptions":{"module":1,"target":3,"jsx":1,"allowJs":true,"allowSyntheticDefaultImports":true,"allowNonTsExtensions":true,"noEmitForJsFiles":true},"typeAcquisition":{"enable":true,"include":[],"exclude":[]},"unresolvedImports":[],"projectRootPath":"/Users/rajasegarchandran/www/ember-app-explorer/server","kind":"discover"}
[12:38:55.162] Explicitly included types: []
[12:38:55.162] Inferred typings from unresolved imports: []
[12:38:55.163] Result: {"cachedTypingPaths":[],"newTypingNames":[],"filesToWatch":["/Users/rajasegarchandran/www/ember-app-explorer/server/bower_components","/Users/rajasegarchandran/www/ember-app-explorer/server/node_modules"]}
[12:38:55.163] Finished typings discovery: {"cachedTypingPaths":[],"newTypingNames":[],"filesToWatch":["/Users/rajasegarchandran/www/ember-app-explorer/server/bower_components","/Users/rajasegarchandran/www/ember-app-explorer/server/node_modules"]}
[12:38:55.163] Sending response:
    {"projectName":"/dev/null/inferredProject1*","typeAcquisition":{"enable":true,"include":[],"exclude":[]},"compilerOptions":{"module":1,"target":3,"jsx":1,"allowJs":true,"allowSyntheticDefaultImports":true,"allowNonTsExtensions":true,"noEmitForJsFiles":true},"typings":[],"unresolvedImports":[],"kind":"action::set"}
[12:38:55.163] Response has been sent.
[12:38:55.167] No new typings were requested as a result of typings discovery
