[12:46:37.285] Global cache location '/Users/rajasegarchandran/Library/Caches/typescript/4.3', safe file path '/users/rajasegarchandran/.nvm/versions/node/v12.18.2/lib/node_modules/typescript/lib/typingsafelist.json', types map path /users/rajasegarchandran/.nvm/versions/node/v12.18.2/lib/node_modules/typescript/lib/typesmap.json
[12:46:37.286] Processing cache location '/Users/rajasegarchandran/Library/Caches/typescript/4.3'
[12:46:37.287] Trying to find '/Users/rajasegarchandran/Library/Caches/typescript/4.3/package.json'...
[12:46:37.287] Loaded content of '/Users/rajasegarchandran/Library/Caches/typescript/4.3/package.json': {"private":true,"dependencies":{"types-registry":"^0.1.546"},"devDependencies":{"@types/debug":"^4.1.5","@types/node":"^15.12.4","@types/object-assign":"^4.0.30","@types/prompts":"^2.0.13","@types/react":"^17.0.11","@types/uuid":"^8.3.0"}}
[12:46:37.287] Loaded content of '/Users/rajasegarchandran/Library/Caches/typescript/4.3/package-lock.json'
[12:46:37.296] Adding entry into typings cache: 'debug' => '/Users/rajasegarchandran/Library/Caches/typescript/4.3/node_modules/@types/debug/index.d.ts'
[12:46:37.301] Adding entry into typings cache: 'node' => '/Users/rajasegarchandran/Library/Caches/typescript/4.3/node_modules/@types/node/index.d.ts'
[12:46:37.303] Adding entry into typings cache: 'object-assign' => '/Users/rajasegarchandran/Library/Caches/typescript/4.3/node_modules/@types/object-assign/index.d.ts'
[12:46:37.307] Adding entry into typings cache: 'prompts' => '/Users/rajasegarchandran/Library/Caches/typescript/4.3/node_modules/@types/prompts/index.d.ts'
[12:46:37.310] Adding entry into typings cache: 'react' => '/Users/rajasegarchandran/Library/Caches/typescript/4.3/node_modules/@types/react/index.d.ts'
[12:46:37.314] Adding entry into typings cache: 'uuid' => '/Users/rajasegarchandran/Library/Caches/typescript/4.3/node_modules/@types/uuid/index.d.ts'
[12:46:37.314] Finished processing cache location '/Users/rajasegarchandran/Library/Caches/typescript/4.3'
[12:46:37.315] Process id: 6848
[12:46:37.315] NPM location: /Users/rajasegarchandran/.nvm/versions/node/v12.18.2/bin/npm (explicit '--npmLocation' not  provided)
[12:46:37.315] validateDefaultNpmLocation: false
[12:46:37.315] Npm config file: /Users/rajasegarchandran/Library/Caches/typescript/4.3/package.json
[12:46:37.320] Updating types-registry npm package...
[12:46:37.320] Exec: /Users/rajasegarchandran/.nvm/versions/node/v12.18.2/bin/npm install --ignore-scripts types-registry@latest
[12:46:38.594]     Succeeded. stdout:
    + types-registry@0.1.546
    updated 1 package and audited 10 packages in 0.797s
found 0 vulnerabilities


[12:46:38.595] Updated types-registry npm package
[12:46:38.788] Got install request {"projectName":"/dev/null/inferredProject1*","fileNames":["/Users/rajasegarchandran/.nvm/versions/node/v12.18.2/lib/node_modules/typescript/lib/lib.es5.d.ts","/Users/rajasegarchandran/.nvm/versions/node/v12.18.2/lib/node_modules/typescript/lib/lib.es2015.d.ts","/Users/rajasegarchandran/.nvm/versions/node/v12.18.2/lib/node_modules/typescript/lib/lib.es2016.d.ts","/Users/rajasegarchandran/.nvm/versions/node/v12.18.2/lib/node_modules/typescript/lib/lib.dom.d.ts","/Users/rajasegarchandran/.nvm/versions/node/v12.18.2/lib/node_modules/typescript/lib/lib.dom.iterable.d.ts","/Users/rajasegarchandran/.nvm/versions/node/v12.18.2/lib/node_modules/typescript/lib/lib.webworker.importscripts.d.ts","/Users/rajasegarchandran/.nvm/versions/node/v12.18.2/lib/node_modules/typescript/lib/lib.scripthost.d.ts","/Users/rajasegarchandran/.nvm/versions/node/v12.18.2/lib/node_modules/typescript/lib/lib.es2015.core.d.ts","/Users/rajasegarchandran/.nvm/versions/node/v12.18.2/lib/node_modules/typescript/lib/lib.es2015.collection.d.ts","/Users/rajasegarchandran/.nvm/versions/node/v12.18.2/lib/node_modules/typescript/lib/lib.es2015.generator.d.ts","/Users/rajasegarchandran/.nvm/versions/node/v12.18.2/lib/node_modules/typescript/lib/lib.es2015.iterable.d.ts","/Users/rajasegarchandran/.nvm/versions/node/v12.18.2/lib/node_modules/typescript/lib/lib.es2015.promise.d.ts","/Users/rajasegarchandran/.nvm/versions/node/v12.18.2/lib/node_modules/typescript/lib/lib.es2015.proxy.d.ts","/Users/rajasegarchandran/.nvm/versions/node/v12.18.2/lib/node_modules/typescript/lib/lib.es2015.reflect.d.ts","/Users/rajasegarchandran/.nvm/versions/node/v12.18.2/lib/node_modules/typescript/lib/lib.es2015.symbol.d.ts","/Users/rajasegarchandran/.nvm/versions/node/v12.18.2/lib/node_modules/typescript/lib/lib.es2015.symbol.wellknown.d.ts","/Users/rajasegarchandran/.nvm/versions/node/v12.18.2/lib/node_modules/typescript/lib/lib.es2016.array.include.d.ts","/Users/rajasegarchandran/.nvm/versions/node/v12.18.2/lib/node_modules/typescript/lib/lib.es2016.full.d.ts","/Users/rajasegarchandran/www/ember-app-explorer/server/index.js"],"compilerOptions":{"module":1,"target":3,"jsx":1,"allowJs":true,"allowSyntheticDefaultImports":true,"allowNonTsExtensions":true,"noEmitForJsFiles":true,"maxNodeModuleJsDepth":2},"typeAcquisition":{"enable":true,"include":[],"exclude":[]},"unresolvedImports":[],"projectRootPath":"/Users/rajasegarchandran/www/ember-app-explorer/server","kind":"discover"}
[12:46:38.803] Loaded safelist from types map file '/users/rajasegarchandran/.nvm/versions/node/v12.18.2/lib/node_modules/typescript/lib/typesmap.json'
[12:46:38.803] Explicitly included types: []
[12:46:38.804] Inferred typings from unresolved imports: []
[12:46:38.804] Result: {"cachedTypingPaths":[],"newTypingNames":[],"filesToWatch":["/Users/rajasegarchandran/www/ember-app-explorer/server/bower_components","/Users/rajasegarchandran/www/ember-app-explorer/server/node_modules"]}
[12:46:38.804] Finished typings discovery: {"cachedTypingPaths":[],"newTypingNames":[],"filesToWatch":["/Users/rajasegarchandran/www/ember-app-explorer/server/bower_components","/Users/rajasegarchandran/www/ember-app-explorer/server/node_modules"]}
[12:46:38.805] DirectoryWatcher:: Added:: WatchInfo: /Users/rajasegarchandran/www/ember-app-explorer/server/bower_components
[12:46:38.810] DirectoryWatcher:: Added:: WatchInfo: /Users/rajasegarchandran/www/ember-app-explorer/server/bower_components 1 undefined Project: /dev/null/inferredProject1* watcher already invoked: false
[12:46:38.811] Elapsed:: 0.9981070002540946ms DirectoryWatcher:: Added:: WatchInfo: /Users/rajasegarchandran/www/ember-app-explorer/server/bower_components 1 undefined Project: /dev/null/inferredProject1* watcher already invoked: false
[12:46:38.811] DirectoryWatcher:: Added:: WatchInfo: /Users/rajasegarchandran/www/ember-app-explorer/server/node_modules
[12:46:38.811] DirectoryWatcher:: Added:: WatchInfo: /Users/rajasegarchandran/www/ember-app-explorer/server/node_modules 1 undefined Project: /dev/null/inferredProject1* watcher already invoked: false
[12:46:38.811] Elapsed:: 0.11693700030446053ms DirectoryWatcher:: Added:: WatchInfo: /Users/rajasegarchandran/www/ember-app-explorer/server/node_modules 1 undefined Project: /dev/null/inferredProject1* watcher already invoked: false
[12:46:38.812] Sending response:
    {"projectName":"/dev/null/inferredProject1*","typeAcquisition":{"enable":true,"include":[],"exclude":[]},"compilerOptions":{"module":1,"target":3,"jsx":1,"allowJs":true,"allowSyntheticDefaultImports":true,"allowNonTsExtensions":true,"noEmitForJsFiles":true,"maxNodeModuleJsDepth":2},"typings":[],"unresolvedImports":[],"kind":"action::set"}
[12:46:38.812] Response has been sent.
[12:46:38.812] No new typings were requested as a result of typings discovery
[12:53:38.758] Got install request {"projectName":"/dev/null/inferredProject1*","fileNames":["/Users/rajasegarchandran/.nvm/versions/node/v12.18.2/lib/node_modules/typescript/lib/lib.es5.d.ts","/Users/rajasegarchandran/.nvm/versions/node/v12.18.2/lib/node_modules/typescript/lib/lib.es2015.d.ts","/Users/rajasegarchandran/.nvm/versions/node/v12.18.2/lib/node_modules/typescript/lib/lib.es2016.d.ts","/Users/rajasegarchandran/.nvm/versions/node/v12.18.2/lib/node_modules/typescript/lib/lib.dom.d.ts","/Users/rajasegarchandran/.nvm/versions/node/v12.18.2/lib/node_modules/typescript/lib/lib.dom.iterable.d.ts","/Users/rajasegarchandran/.nvm/versions/node/v12.18.2/lib/node_modules/typescript/lib/lib.webworker.importscripts.d.ts","/Users/rajasegarchandran/.nvm/versions/node/v12.18.2/lib/node_modules/typescript/lib/lib.scripthost.d.ts","/Users/rajasegarchandran/.nvm/versions/node/v12.18.2/lib/node_modules/typescript/lib/lib.es2015.core.d.ts","/Users/rajasegarchandran/.nvm/versions/node/v12.18.2/lib/node_modules/typescript/lib/lib.es2015.collection.d.ts","/Users/rajasegarchandran/.nvm/versions/node/v12.18.2/lib/node_modules/typescript/lib/lib.es2015.generator.d.ts","/Users/rajasegarchandran/.nvm/versions/node/v12.18.2/lib/node_modules/typescript/lib/lib.es2015.iterable.d.ts","/Users/rajasegarchandran/.nvm/versions/node/v12.18.2/lib/node_modules/typescript/lib/lib.es2015.promise.d.ts","/Users/rajasegarchandran/.nvm/versions/node/v12.18.2/lib/node_modules/typescript/lib/lib.es2015.proxy.d.ts","/Users/rajasegarchandran/.nvm/versions/node/v12.18.2/lib/node_modules/typescript/lib/lib.es2015.reflect.d.ts","/Users/rajasegarchandran/.nvm/versions/node/v12.18.2/lib/node_modules/typescript/lib/lib.es2015.symbol.d.ts","/Users/rajasegarchandran/.nvm/versions/node/v12.18.2/lib/node_modules/typescript/lib/lib.es2015.symbol.wellknown.d.ts","/Users/rajasegarchandran/.nvm/versions/node/v12.18.2/lib/node_modules/typescript/lib/lib.es2016.array.include.d.ts","/Users/rajasegarchandran/.nvm/versions/node/v12.18.2/lib/node_modules/typescript/lib/lib.es2016.full.d.ts","/Users/rajasegarchandran/www/ember-app-explorer/server/index.js"],"compilerOptions":{"module":1,"target":3,"jsx":1,"allowJs":true,"allowSyntheticDefaultImports":true,"allowNonTsExtensions":true,"noEmitForJsFiles":true,"maxNodeModuleJsDepth":2},"typeAcquisition":{"enable":true,"include":[],"exclude":[]},"unresolvedImports":[],"projectRootPath":"/Users/rajasegarchandran/www/ember-app-explorer/server","kind":"discover"}
[12:53:38.759] Explicitly included types: []
[12:53:38.759] Inferred typings from unresolved imports: []
[12:53:38.759] Result: {"cachedTypingPaths":[],"newTypingNames":[],"filesToWatch":["/Users/rajasegarchandran/www/ember-app-explorer/server/bower_components","/Users/rajasegarchandran/www/ember-app-explorer/server/node_modules"]}
[12:53:38.759] Finished typings discovery: {"cachedTypingPaths":[],"newTypingNames":[],"filesToWatch":["/Users/rajasegarchandran/www/ember-app-explorer/server/bower_components","/Users/rajasegarchandran/www/ember-app-explorer/server/node_modules"]}
[12:53:38.764] Sending response:
    {"projectName":"/dev/null/inferredProject1*","typeAcquisition":{"enable":true,"include":[],"exclude":[]},"compilerOptions":{"module":1,"target":3,"jsx":1,"allowJs":true,"allowSyntheticDefaultImports":true,"allowNonTsExtensions":true,"noEmitForJsFiles":true,"maxNodeModuleJsDepth":2},"typings":[],"unresolvedImports":[],"kind":"action::set"}
[12:53:38.764] Response has been sent.
[12:53:38.764] No new typings were requested as a result of typings discovery
